#
# There is insufficient memory for the Java Runtime Environment to continue.
# Native memory allocation (mmap) failed to map 65011712 bytes for G1 virtual space
# Possible reasons:
#   The system is out of physical RAM or swap space
#   The process is running with CompressedOops enabled, and the Java Heap may be blocking the growth of the native heap
# Possible solutions:
#   Reduce memory load on the system
#   Increase physical memory or swap space
#   Check if swap backing store is full
#   Decrease Java heap size (-Xmx/-Xms)
#   Decrease number of Java threads
#   Decrease Java thread stack sizes (-Xss)
#   Set larger code cache with -XX:ReservedCodeCacheSize=
#   JVM is running with Unscaled Compressed Oops mode in which the Java heap is
#     placed in the first 4GB address space. The Java Heap base address is the
#     maximum limit for the native heap growth. Please use -XX:HeapBaseMinAddress
#     to set the Java Heap base and to place the Java Heap above 4GB virtual address.
# This output file may be truncated or incomplete.
#
#  Out of Memory Error (os_windows.cpp:3550), pid=2996, tid=1668
#
# JRE version:  (17.0.7+8) (build )
# Java VM: Java HotSpot(TM) 64-Bit Server VM (17.0.7+8-LTS-224, mixed mode, sharing, tiered, compressed oops, compressed class ptrs, g1 gc, windows-amd64)
# No core dump will be written. Minidumps are not enabled by default on client versions of Windows
#

---------------  S U M M A R Y ------------

Command Line: -Dfile.encoding=UTF-8 --module-path=C:\Users\Lenovo\Documents\NetBeansProjects\StudentManagementSystemProject\build\classes Student_Management_System_Project.StudentLeave

Host: Intel(R) Core(TM) i3-7020U CPU @ 2.30GHz, 4 cores, 3G,  Windows 10 , 64 bit Build 19041 (10.0.19041.3636)
Time: Sun Mar 31 02:15:06 2024 India Standard Time elapsed time: 0.019650 seconds (0d 0h 0m 0s)

---------------  T H R E A D  ---------------

Current thread (0x00000175752f17e0):  JavaThread "Unknown thread" [_thread_in_vm, id=1668, stack(0x0000003764600000,0x0000003764700000)]

Stack: [0x0000003764600000,0x0000003764700000]
Native frames: (J=compiled Java code, j=interpreted, Vv=VM code, C=native code)
V  [jvm.dll+0x676a4a]
V  [jvm.dll+0x7d74f4]
V  [jvm.dll+0x7d8c9e]
V  [jvm.dll+0x7d9303]
V  [jvm.dll+0x2452c5]
V  [jvm.dll+0x6738f9]
V  [jvm.dll+0x668232]
V  [jvm.dll+0x302826]
V  [jvm.dll+0x309da6]
V  [jvm.dll+0x35952e]
V  [jvm.dll+0x35975f]
V  [jvm.dll+0x2d9a38]
V  [jvm.dll+0x2da9a4]
V  [jvm.dll+0x7a8fb1]
V  [jvm.dll+0x3670e1]
V  [jvm.dll+0x788359]
V  [jvm.dll+0x3ea5ef]
V  [jvm.dll+0x3ec071]
C  [jli.dll+0x5297]
C  [ucrtbase.dll+0x21bb2]
C  [KERNEL32.DLL+0x17344]
C  [ntdll.dll+0x526b1]


---------------  P R O C E S S  ---------------

Threads class SMR info:
_java_thread_list=0x00007ffc89ff4998, length=0, elements={
}

Java Threads: ( => current thread )

Other Threads:
  0x000001757532bf80 GCTaskThread "GC Thread#0" [stack: 0x0000003764700000,0x0000003764800000] [id=18204]
  0x0000017575336d70 ConcurrentGCThread "G1 Main Marker" [stack: 0x0000003764800000,0x0000003764900000] [id=6980]
  0x0000017575337e30 ConcurrentGCThread "G1 Conc#0" [stack: 0x0000003764900000,0x0000003764a00000] [id=6540]

[error occurred during error reporting (printing all threads), id 0xc0000005, EXCEPTION_ACCESS_VIOLATION (0xc0000005) at pc=0x00007ffc8982a697]

VM state: not at safepoint (not fully initialized)

VM Mutex/Monitor currently owned by a thread:  ([mutex/lock_event])
[0x00000175752edad0] Heap_lock - owner thread: 0x00000175752f17e0

Heap address: 0x00000000c2800000, size: 984 MB, Compressed Oops mode: 32-bit

CDS archive(s) mapped at: [0x0000000000000000-0x0000000000000000-0x0000000000000000), size 0, SharedBaseAddress: 0x0000000800000000, ArchiveRelocationMode: 0.
Narrow klass base: 0x0000000000000000, Narrow klass shift: 0, Narrow klass range: 0x0

GC Precious Log:
<Empty>

Heap:
 garbage-first heap   total 0K, used 0K [0x00000000c2800000, 0x0000000100000000)
  region size 1024K, 0 young (0K), 0 survivors (0K)

[error occurred during error reporting (printing heap information), id 0xc0000005, EXCEPTION_ACCESS_VIOLATION (0xc0000005) at pc=0x00007ffc89c100b9]

GC Heap History (0 events):
No events

Deoptimization events (0 events):
No events

Classes unloaded (0 events):
No events

Classes redefined (0 events):
No events

Internal exceptions (0 events):
No events

VM Operations (0 events):
No events

Events (1 events):
Event: 0.011 Loaded shared library C:\Program Files\Java\jdk-17\bin\java.dll


Dynamic libraries:
0x00007ff6b5a50000 - 0x00007ff6b5a60000 	C:\Program Files\Java\jdk-17\bin\java.exe
0x00007ffcc6150000 - 0x00007ffcc6348000 	C:\Windows\SYSTEM32\ntdll.dll
0x00007ffcc4a70000 - 0x00007ffcc4b2d000 	C:\Windows\System32\KERNEL32.DLL
0x00007ffcc3ce0000 - 0x00007ffcc3fd6000 	C:\Windows\System32\KERNELBASE.dll
0x00007ffcc4080000 - 0x00007ffcc4180000 	C:\Windows\System32\ucrtbase.dll
0x00007ffcb8350000 - 0x00007ffcb836b000 	C:\Program Files\Java\jdk-17\bin\VCRUNTIME140.dll
0x00007ffcbe670000 - 0x00007ffcbe689000 	C:\Program Files\Java\jdk-17\bin\jli.dll
0x00007ffcc5ce0000 - 0x00007ffcc5d90000 	C:\Windows\System32\ADVAPI32.dll
0x00007ffcc4610000 - 0x00007ffcc46ae000 	C:\Windows\System32\msvcrt.dll
0x00007ffcc54a0000 - 0x00007ffcc5540000 	C:\Windows\System32\sechost.dll
0x00007ffcc5e70000 - 0x00007ffcc5f95000 	C:\Windows\System32\RPCRT4.dll
0x00007ffcc3800000 - 0x00007ffcc3827000 	C:\Windows\System32\bcrypt.dll
0x00007ffcc46e0000 - 0x00007ffcc487e000 	C:\Windows\System32\USER32.dll
0x00007ffcc3a30000 - 0x00007ffcc3a52000 	C:\Windows\System32\win32u.dll
0x00007ffcc46b0000 - 0x00007ffcc46db000 	C:\Windows\System32\GDI32.dll
0x00007ffcc3a60000 - 0x00007ffcc3b77000 	C:\Windows\System32\gdi32full.dll
0x00007ffcc3fe0000 - 0x00007ffcc407d000 	C:\Windows\System32\msvcp_win.dll
0x00007ffcb6b00000 - 0x00007ffcb6d9a000 	C:\Windows\WinSxS\amd64_microsoft.windows.common-controls_6595b64144ccf1df_6.0.19041.3636_none_60b6a03d71f818d5\COMCTL32.dll
0x00007ffcb0210000 - 0x00007ffcb021a000 	C:\Windows\SYSTEM32\VERSION.dll
0x00007ffcc5fa0000 - 0x00007ffcc5fd2000 	C:\Windows\System32\IMM32.DLL
0x00007ffcb9cc0000 - 0x00007ffcb9ccc000 	C:\Program Files\Java\jdk-17\bin\vcruntime140_1.dll
0x00007ffc95ef0000 - 0x00007ffc95f7e000 	C:\Program Files\Java\jdk-17\bin\msvcp140.dll
0x00007ffc89540000 - 0x00007ffc8a11d000 	C:\Program Files\Java\jdk-17\bin\server\jvm.dll
0x00007ffcc6090000 - 0x00007ffcc6098000 	C:\Windows\System32\PSAPI.DLL
0x00007ffcbe240000 - 0x00007ffcbe249000 	C:\Windows\SYSTEM32\WSOCK32.dll
0x00007ffcb2350000 - 0x00007ffcb2377000 	C:\Windows\SYSTEM32\WINMM.dll
0x00007ffcc5540000 - 0x00007ffcc55ab000 	C:\Windows\System32\WS2_32.dll
0x00007ffcc16b0000 - 0x00007ffcc16c2000 	C:\Windows\SYSTEM32\kernel.appcore.dll
0x00007ffcb8c00000 - 0x00007ffcb8c0a000 	C:\Program Files\Java\jdk-17\bin\jimage.dll
0x00007ffcb36e0000 - 0x00007ffcb38c4000 	C:\Windows\SYSTEM32\DBGHELP.DLL
0x00007ffcb36a0000 - 0x00007ffcb36d4000 	C:\Windows\SYSTEM32\dbgcore.DLL
0x00007ffcc3930000 - 0x00007ffcc39b2000 	C:\Windows\System32\bcryptPrimitives.dll
0x00007ffcafb40000 - 0x00007ffcafb65000 	C:\Program Files\Java\jdk-17\bin\java.dll

dbghelp: loaded successfully - version: 4.0.5 - missing functions: none
symbol engine: initialized successfully - sym options: 0x614 - pdb path: .;C:\Program Files\Java\jdk-17\bin;C:\Windows\SYSTEM32;C:\Windows\WinSxS\amd64_microsoft.windows.common-controls_6595b64144ccf1df_6.0.19041.3636_none_60b6a03d71f818d5;C:\Program Files\Java\jdk-17\bin\server

VM Arguments:
jvm_args: -Dfile.encoding=UTF-8 --module-path=C:\Users\Lenovo\Documents\NetBeansProjects\StudentManagementSystemProject\build\classes 
java_command: Student_Management_System_Project.StudentLeave
java_class_path (initial): C:\Users\Lenovo\Downloads\Jar-20240327T065638Z-001.zip;C:\Users\Lenovo\Desktop\Jar\mysql-connector-java-8.0.28.jar;C:\Users\Lenovo\Documents\Jar\jcalendar-tz-1.3.3-4.jar;C:\Users\Lenovo\Documents\Jar\rs2xml.jar;C:\Users\Lenovo\Desktop\Jar\rs2xml17.jar;C:\Users\Lenovo\Documents\NetBeansProjects\StudentManagementSystemProject\build\classes
Launcher Type: SUN_STANDARD

[Global flags]
     intx CICompilerCount                          = 3                                         {product} {ergonomic}
     uint ConcGCThreads                            = 1                                         {product} {ergonomic}
     uint G1ConcRefinementThreads                  = 4                                         {product} {ergonomic}
   size_t G1HeapRegionSize                         = 1048576                                   {product} {ergonomic}
    uintx GCDrainStackTargetSize                   = 64                                        {product} {ergonomic}
   size_t InitialHeapSize                          = 65011712                                  {product} {ergonomic}
   size_t MarkStackSize                            = 4194304                                   {product} {ergonomic}
   size_t MaxHeapSize                              = 1031798784                                {product} {ergonomic}
   size_t MinHeapDeltaBytes                        = 1048576                                   {product} {ergonomic}
   size_t MinHeapSize                              = 8388608                                   {product} {ergonomic}
    uintx NonNMethodCodeHeapSize                   = 5832780                                {pd product} {ergonomic}
    uintx NonProfiledCodeHeapSize                  = 122912730                              {pd product} {ergonomic}
    uintx ProfiledCodeHeapSize                     = 122912730                              {pd product} {ergonomic}
    uintx ReservedCodeCacheSize                    = 251658240                              {pd product} {ergonomic}
     bool SegmentedCodeCache                       = true                                      {product} {ergonomic}
   size_t SoftMaxHeapSize                          = 1031798784                             {manageable} {ergonomic}
     bool UseCompressedClassPointers               = true                           {product lp64_product} {ergonomic}
     bool UseCompressedOops                        = true                           {product lp64_product} {ergonomic}
     bool UseG1GC                                  = true                                      {product} {ergonomic}
     bool UseLargePagesIndividualAllocation        = false                                  {pd product} {ergonomic}

Logging:
Log output configuration:
 #0: stdout all=warning uptime,level,tags
 #1: stderr all=off uptime,level,tags

Environment Variables:
PATH=C:\Program Files\Common Files\Oracle\Java\javapath;C:\New folder\Scripts\;C:\New folder\;C:\Windows\system32;C:\Windows;C:\Windows\System32\Wbem;C:\Windows\System32\WindowsPowerShell\v1.0\;C:\Windows\System32\OpenSSH\;C:\Program Files\Microsoft SQL Server\Client SDK\ODBC\170\Tools\Binn\;C:\Program Files (x86)\Microsoft SQL Server\150\Tools\Binn\;C:\Program Files\Microsoft SQL Server\150\Tools\Binn\;C:\Program Files\Microsoft SQL Server\150\DTS\Binn\;C:\Program Files (x86)\Microsoft SQL Server\150\DTS\Binn\;C:\Program Files\Azure Data Studio\bin;C:\Program Files\MySQL\MySQL Server 8.0\bin;C:\Program Files\MySQL\MySQL Shell 8.0\bin\;C:\Users\Lenovo\AppData\Local\Microsoft\WindowsApps;;C:\Program Files\Azure Data Studio\bin;C:\Users\Lenovo\AppData\Local\JetBrains\IntelliJ IDEA Educational Edition 2022.2.2\bin;
USERNAME=Lenovo
OS=Windows_NT
PROCESSOR_IDENTIFIER=Intel64 Family 6 Model 142 Stepping 10, GenuineIntel



---------------  S Y S T E M  ---------------

OS:
 Windows 10 , 64 bit Build 19041 (10.0.19041.3636)
OS uptime: 14 days 6:00 hours

CPU: total 4 (initial active 4) (2 cores per cpu, 2 threads per core) family 6 model 142 stepping 10 microcode 0xb4, cx8, cmov, fxsr, ht, mmx, 3dnowpref, sse, sse2, sse3, ssse3, sse4.1, sse4.2, popcnt, lzcnt, tsc, tscinvbit, avx, avx2, aes, erms, clmul, bmi1, bmi2, adx, fma, vzeroupper, clflush, clflushopt

Memory: 4k page, system-wide physical 3928M (455M free)
TotalPageFile size 16216M (AvailPageFile size 66M)
current process WorkingSet (physical memory assigned to process): 10M, peak: 10M
current process commit charge ("private bytes"): 51M, peak: 113M

vm_info: Java HotSpot(TM) 64-Bit Server VM (17.0.7+8-LTS-224) for windows-amd64 JRE (17.0.7+8-LTS-224), built on Feb 28 2023 23:03:02 by "mach5one" with MS VC++ 17.1 (VS2022)

END.
